\BOOKMARK [0][-]{dedication.0}{Dedicat\363ria}{}% 1
\BOOKMARK [0][-]{acknowledgements.0}{Agradecimentos}{}% 2
\BOOKMARK [0][-]{resumo.0}{Resumo}{}% 3
\BOOKMARK [0][-]{abstract.0}{Abstract}{}% 4
\BOOKMARK [0][-]{chapter.1}{Introdu\347\343o}{}% 5
\BOOKMARK [0][-]{chapter.2}{Aprendizado de M\341quina e Fluxos de Dados}{}% 6
\BOOKMARK [1][-]{section.2.1}{Aprendizado de M\341quina}{chapter.2}% 7
\BOOKMARK [2][-]{subsection.2.1.1}{\301rvores de Decis\343o}{section.2.1}% 8
\BOOKMARK [2][-]{subsection.2.1.2}{Floresta Aleat\363ria}{section.2.1}% 9
\BOOKMARK [2][-]{subsection.2.1.3}{M\341quina de Refor\347o do Gradiente}{section.2.1}% 10
\BOOKMARK [2][-]{subsection.2.1.4}{M\341quina de Vetores de Suporte}{section.2.1}% 11
\BOOKMARK [2][-]{subsection.2.1.5}{``N\343o existe almo\347o gr\341tis''}{section.2.1}% 12
\BOOKMARK [1][-]{section.2.2}{Meta-Aprendizado}{chapter.2}% 13
\BOOKMARK [1][-]{section.2.3}{Fluxos de Dados}{chapter.2}% 14
\BOOKMARK [1][-]{section.2.4}{Metastream}{chapter.2}% 15
\BOOKMARK [2][-]{subsection.2.4.1}{Fase Offline}{section.2.4}% 16
\BOOKMARK [2][-]{subsection.2.4.2}{Fase Online}{section.2.4}% 17
\BOOKMARK [0][-]{chapter.3}{Hip\363teses e Objetivos}{}% 18
\BOOKMARK [1][-]{section.3.1}{Hip\363teses}{chapter.3}% 19
\BOOKMARK [1][-]{section.3.2}{Objetivos}{chapter.3}% 20
\BOOKMARK [0][-]{section*.14}{Refer\352ncias}{}% 21
